2025-02-10 16:05:55.182 +03:00 [INF] App start
2025-02-10 18:07:27.124 +03:00 [INF] App start
2025-02-10 18:07:27.144 +03:00 [INF] Выдан обьект в ленивом
2025-02-10 18:07:27.145 +03:00 [INF] Ленивый конструтор создан
2025-02-10 18:07:27.148 +03:00 [INF] Singleton StaticConstr - был вызван 
2025-02-10 18:07:27.148 +03:00 [INF] Выдан обьект в статическом
2025-02-10 18:07:27.148 +03:00 [INF] Потоко закрытый - был вызван 
2025-02-10 18:07:27.148 +03:00 [INF] Создан обьект в Потоко закрытом
2025-02-10 18:07:27.148 +03:00 [INF] Создан и выдан обьект в Потоко закрытом
2025-02-10 18:08:06.399 +03:00 [INF] App start
2025-02-10 18:08:06.418 +03:00 [INF] Потоко закрытый - был вызван 
2025-02-10 18:08:06.419 +03:00 [INF] Создан обьект в Потоко закрытом
2025-02-10 18:08:06.419 +03:00 [INF] Создан и выдан обьект в Потоко закрытом
2025-02-10 18:08:06.422 +03:00 [INF] Выдан обьект в ленивом
2025-02-10 18:08:06.422 +03:00 [INF] Ленивый конструтор создан
2025-02-10 18:08:06.422 +03:00 [INF] Singleton StaticConstr - был вызван 
2025-02-10 18:08:06.422 +03:00 [INF] Выдан обьект в статическом
2025-02-10 18:09:22.052 +03:00 [INF] App start
2025-02-10 18:09:22.072 +03:00 [INF] Потоко закрытый - был вызван 
2025-02-10 18:09:22.072 +03:00 [INF] Создан обьект в Потоко закрытом
2025-02-10 18:09:22.072 +03:00 [INF] Создан и выдан обьект в Потоко закрытом
2025-02-10 18:09:22.075 +03:00 [INF] Hello World in ThreadLockSingleton
2025-02-10 18:09:22.075 +03:00 [INF] Выдан обьект в ленивом
2025-02-10 18:09:22.075 +03:00 [INF] Ленивый конструтор создан
2025-02-10 18:09:22.075 +03:00 [INF] Hello World in SingletonLazy
2025-02-10 18:09:22.075 +03:00 [INF] Singleton StaticConstr - был вызван 
2025-02-10 18:09:22.075 +03:00 [INF] Выдан обьект в статическом
2025-02-10 18:09:22.075 +03:00 [INF] Hello World in SingletonStaticConstr
2025-02-10 18:10:00.107 +03:00 [INF] App start
2025-02-10 18:10:00.128 +03:00 [INF] Потоко закрытый - был вызван 
2025-02-10 18:10:00.128 +03:00 [INF] Создан обьект в Потоко закрытом
2025-02-10 18:10:00.128 +03:00 [INF] выдан обьект в Потоко закрытом
2025-02-10 18:10:00.131 +03:00 [INF] Hello World in ThreadLockSingleton
2025-02-10 18:10:00.131 +03:00 [INF] Выдан обьект в ленивом
2025-02-10 18:10:00.131 +03:00 [INF] Ленивый конструтор создан
2025-02-10 18:10:00.131 +03:00 [INF] Hello World in SingletonLazy
2025-02-10 18:10:00.131 +03:00 [INF] Singleton StaticConstr - был вызван 
2025-02-10 18:10:00.131 +03:00 [INF] Выдан обьект в статическом
2025-02-10 18:10:00.131 +03:00 [INF] Hello World in SingletonStaticConstr
2025-02-11 14:09:01.567 +03:00 [INF] App start
2025-02-11 14:09:01.590 +03:00 [INF] Потоко закрытый - был вызван 
2025-02-11 14:09:01.590 +03:00 [INF] Создан обьект в Потоко закрытом
2025-02-11 14:09:01.590 +03:00 [INF] выдан обьект в Потоко закрытом
2025-02-11 14:09:01.596 +03:00 [INF] Hello World in ThreadLockSingleton
2025-02-11 14:09:01.596 +03:00 [INF] Выдан обьект в ленивом
2025-02-11 14:09:01.597 +03:00 [INF] Ленивый конструтор создан
2025-02-11 14:09:01.597 +03:00 [INF] Hello World in SingletonLazy
2025-02-11 14:09:01.597 +03:00 [INF] Singleton StaticConstr - был вызван 
2025-02-11 14:09:01.597 +03:00 [INF] Выдан обьект в статическом
2025-02-11 14:09:01.597 +03:00 [INF] Hello World in SingletonStaticConstr
2025-02-11 14:09:10.380 +03:00 [INF] App start
2025-02-11 14:09:10.413 +03:00 [INF] Потоко закрытый - был вызван 
2025-02-11 14:09:10.413 +03:00 [INF] Создан обьект в Потоко закрытом
2025-02-11 14:09:10.413 +03:00 [INF] выдан обьект в Потоко закрытом
2025-02-11 14:09:10.419 +03:00 [INF] Hello World in ThreadLockSingleton
2025-02-11 14:09:10.419 +03:00 [INF] Выдан обьект в ленивом
2025-02-11 14:09:10.420 +03:00 [INF] Ленивый конструтор создан
2025-02-11 14:09:10.420 +03:00 [INF] Hello World in SingletonLazy
2025-02-11 14:09:10.420 +03:00 [INF] Singleton StaticConstr - был вызван 
2025-02-11 14:09:10.420 +03:00 [INF] Выдан обьект в статическом
2025-02-11 14:09:10.420 +03:00 [INF] Hello World in SingletonStaticConstr
2025-02-11 14:12:06.684 +03:00 [INF] App start
2025-02-11 14:12:06.708 +03:00 [INF] Потоко закрытый - был вызван 
2025-02-11 14:12:06.708 +03:00 [INF] Создан обьект в Потоко закрытом
2025-02-11 14:12:06.708 +03:00 [INF] выдан обьект в Потоко закрытом
2025-02-11 14:12:06.713 +03:00 [INF] Hello World in ThreadLockSingleton
2025-02-11 14:12:06.713 +03:00 [INF] Выдан обьект в ленивом
2025-02-11 14:12:06.713 +03:00 [INF] Ленивый конструтор создан
2025-02-11 14:12:06.713 +03:00 [INF] Hello World in SingletonLazy
2025-02-11 14:12:06.713 +03:00 [INF] Singleton StaticConstr - был вызван 
2025-02-11 14:12:06.713 +03:00 [INF] Выдан обьект в статическом
2025-02-11 14:12:06.713 +03:00 [INF] Hello World in SingletonStaticConstr
2025-02-11 14:13:53.312 +03:00 [INF] App start
2025-02-11 14:13:53.337 +03:00 [INF] Потоко закрытый - был вызван 
2025-02-11 14:13:53.337 +03:00 [INF] Создан обьект в Потоко закрытом
2025-02-11 14:13:53.337 +03:00 [INF] выдан обьект в Потоко закрытом
2025-02-11 14:13:53.343 +03:00 [INF] Hello World in ThreadLockSingleton
2025-02-11 14:13:53.343 +03:00 [INF] Выдан обьект в ленивом
2025-02-11 14:13:53.343 +03:00 [INF] Ленивый конструтор создан
2025-02-11 14:13:53.343 +03:00 [INF] Hello World in SingletonLazy
2025-02-11 14:13:53.343 +03:00 [INF] Singleton StaticConstr - был вызван 
2025-02-11 14:13:53.343 +03:00 [INF] Выдан обьект в статическом
2025-02-11 14:13:53.343 +03:00 [INF] Hello World in SingletonStaticConstr
2025-02-11 14:15:13.105 +03:00 [INF] App start
2025-02-11 14:15:13.130 +03:00 [INF] Потоко закрытый - был вызван 
2025-02-11 14:15:13.130 +03:00 [INF] Создан обьект в Потоко закрытом
2025-02-11 14:15:13.130 +03:00 [INF] выдан обьект в Потоко закрытом
2025-02-11 14:15:13.134 +03:00 [INF] Hello World in ThreadLockSingleton
2025-02-11 14:15:13.135 +03:00 [INF] Выдан обьект в ленивом
2025-02-11 14:15:13.135 +03:00 [INF] Ленивый конструтор создан
2025-02-11 14:15:13.135 +03:00 [INF] Hello World in SingletonLazy
2025-02-11 14:15:13.135 +03:00 [INF] Singleton StaticConstr - был вызван 
2025-02-11 14:15:13.135 +03:00 [INF] Выдан обьект в статическом
2025-02-11 14:15:13.135 +03:00 [INF] Hello World in SingletonStaticConstr
2025-02-11 14:15:59.645 +03:00 [INF] App start
2025-02-11 14:15:59.683 +03:00 [INF] Потоко закрытый - был вызван 
2025-02-11 14:15:59.683 +03:00 [INF] Создан обьект в Потоко закрытом
2025-02-11 14:15:59.683 +03:00 [INF] выдан обьект в Потоко закрытом
2025-02-11 14:15:59.687 +03:00 [INF] Hello World in ThreadLockSingleton
2025-02-11 14:15:59.687 +03:00 [INF] Выдан обьект в ленивом
2025-02-11 14:15:59.688 +03:00 [INF] Ленивый конструтор создан
2025-02-11 14:15:59.688 +03:00 [INF] Hello World in SingletonLazy
2025-02-11 14:15:59.688 +03:00 [INF] Singleton StaticConstr - был вызван 
2025-02-11 14:15:59.688 +03:00 [INF] Выдан обьект в статическом
2025-02-11 14:15:59.688 +03:00 [INF] Hello World in SingletonStaticConstr
2025-02-11 14:17:12.871 +03:00 [INF] App start
2025-02-11 14:17:12.893 +03:00 [INF] Потоко закрытый - был вызван 
2025-02-11 14:17:12.893 +03:00 [INF] Создан обьект в Потоко закрытом
2025-02-11 14:17:12.893 +03:00 [INF] выдан обьект в Потоко закрытом
2025-02-11 14:17:12.897 +03:00 [INF] Hello World in ThreadLockSingleton
2025-02-11 14:17:12.897 +03:00 [INF] Выдан обьект в ленивом
2025-02-11 14:17:12.897 +03:00 [INF] Ленивый конструтор создан
2025-02-11 14:17:12.897 +03:00 [INF] Hello World in SingletonLazy
2025-02-11 14:17:12.897 +03:00 [INF] Singleton StaticConstr - был вызван 
2025-02-11 14:17:12.897 +03:00 [INF] Выдан обьект в статическом
2025-02-11 14:17:12.897 +03:00 [INF] Hello World in SingletonStaticConstr
2025-02-11 14:17:29.809 +03:00 [INF] App start
2025-02-11 14:17:29.834 +03:00 [INF] Потоко закрытый - был вызван 
2025-02-11 14:17:29.834 +03:00 [INF] Создан обьект в Потоко закрытом
2025-02-11 14:17:29.834 +03:00 [INF] выдан обьект в Потоко закрытом
2025-02-11 14:17:29.839 +03:00 [INF] Hello World in ThreadLockSingleton
2025-02-11 14:17:29.839 +03:00 [INF] Выдан обьект в ленивом
2025-02-11 14:17:29.839 +03:00 [INF] Ленивый конструтор создан
2025-02-11 14:17:29.839 +03:00 [INF] Hello World in SingletonLazy
2025-02-11 14:17:29.839 +03:00 [INF] Singleton StaticConstr - был вызван 
2025-02-11 14:17:29.839 +03:00 [INF] Выдан обьект в статическом
2025-02-11 14:17:29.839 +03:00 [INF] Hello World in SingletonStaticConstr
2025-02-11 14:18:32.242 +03:00 [INF] App start
2025-02-11 14:18:32.277 +03:00 [INF] Потоко закрытый - был вызван 
2025-02-11 14:18:32.277 +03:00 [INF] Создан обьект в Потоко закрытом
2025-02-11 14:18:32.277 +03:00 [INF] выдан обьект в Потоко закрытом
2025-02-11 14:18:32.284 +03:00 [INF] Hello World in ThreadLockSingleton
2025-02-11 14:18:32.284 +03:00 [INF] Выдан обьект в ленивом
2025-02-11 14:18:32.284 +03:00 [INF] Ленивый конструтор создан
2025-02-11 14:18:32.284 +03:00 [INF] Hello World in SingletonLazy
2025-02-11 14:18:32.285 +03:00 [INF] Singleton StaticConstr - был вызван 
2025-02-11 14:18:32.285 +03:00 [INF] Выдан обьект в статическом
2025-02-11 14:18:32.285 +03:00 [INF] Hello World in SingletonStaticConstr
2025-02-11 14:21:33.459 +03:00 [INF] App start
2025-02-11 14:21:33.488 +03:00 [INF] Потоко закрытый - был вызван 
2025-02-11 14:21:33.488 +03:00 [INF] Создан обьект в Потоко закрытом
2025-02-11 14:21:33.488 +03:00 [INF] выдан обьект в Потоко закрытом
2025-02-11 14:21:33.495 +03:00 [INF] Hello World in ThreadLockSingleton
2025-02-11 14:21:33.496 +03:00 [INF] Выдан обьект в ленивом
2025-02-11 14:21:33.496 +03:00 [INF] Ленивый конструтор создан
2025-02-11 14:21:33.496 +03:00 [INF] Hello World in SingletonLazy
2025-02-11 14:21:33.496 +03:00 [INF] Singleton StaticConstr - был вызван 
2025-02-11 14:21:33.496 +03:00 [INF] Выдан обьект в статическом
2025-02-11 14:21:33.496 +03:00 [INF] Hello World in SingletonStaticConstr
2025-02-11 14:23:15.718 +03:00 [INF] App start
2025-02-11 14:23:15.765 +03:00 [INF] Потоко закрытый - был вызван 
2025-02-11 14:23:15.765 +03:00 [INF] Создан обьект в Потоко закрытом
2025-02-11 14:23:15.765 +03:00 [INF] выдан обьект в Потоко закрытом
2025-02-11 14:23:15.775 +03:00 [INF] Hello World in ThreadLockSingleton
2025-02-11 14:23:15.775 +03:00 [INF] Выдан обьект в ленивом
2025-02-11 14:23:15.775 +03:00 [INF] Ленивый конструтор создан
2025-02-11 14:23:15.775 +03:00 [INF] Hello World in SingletonLazy
2025-02-11 14:23:15.776 +03:00 [INF] Singleton StaticConstr - был вызван 
2025-02-11 14:23:15.776 +03:00 [INF] Выдан обьект в статическом
2025-02-11 14:23:15.776 +03:00 [INF] Hello World in SingletonStaticConstr
2025-02-11 14:23:52.294 +03:00 [INF] App start
2025-02-11 14:23:52.323 +03:00 [INF] Потоко закрытый - был вызван 
2025-02-11 14:23:52.323 +03:00 [INF] Создан обьект в Потоко закрытом
2025-02-11 14:23:52.323 +03:00 [INF] выдан обьект в Потоко закрытом
2025-02-11 14:23:52.328 +03:00 [INF] Hello World in ThreadLockSingleton
2025-02-11 14:23:52.328 +03:00 [INF] Выдан обьект в ленивом
2025-02-11 14:23:52.328 +03:00 [INF] Ленивый конструтор создан
2025-02-11 14:23:52.328 +03:00 [INF] Hello World in SingletonLazy
2025-02-11 14:23:52.328 +03:00 [INF] Singleton StaticConstr - был вызван 
2025-02-11 14:23:52.328 +03:00 [INF] Выдан обьект в статическом
2025-02-11 14:23:52.328 +03:00 [INF] Hello World in SingletonStaticConstr
2025-02-11 14:24:12.338 +03:00 [INF] App start
2025-02-11 14:24:12.361 +03:00 [INF] Потоко закрытый - был вызван 
2025-02-11 14:24:12.361 +03:00 [INF] Создан обьект в Потоко закрытом
2025-02-11 14:24:12.361 +03:00 [INF] выдан обьект в Потоко закрытом
2025-02-11 14:24:12.365 +03:00 [INF] Hello World in ThreadLockSingleton
2025-02-11 14:24:12.365 +03:00 [INF] Выдан обьект в ленивом
2025-02-11 14:24:12.365 +03:00 [INF] Ленивый конструтор создан
2025-02-11 14:24:12.365 +03:00 [INF] Hello World in SingletonLazy
2025-02-11 14:24:12.366 +03:00 [INF] Singleton StaticConstr - был вызван 
2025-02-11 14:24:12.366 +03:00 [INF] Выдан обьект в статическом
2025-02-11 14:24:12.366 +03:00 [INF] Hello World in SingletonStaticConstr
